<?xml version="1.0" encoding="UTF-8"?>
<testng-results ignored="0" total="3" passed="3" failed="0" skipped="0">
  <reporter-output>
  </reporter-output>
  <suite started-at="2023-10-16T14:06:36 IST" name="Suite" finished-at="2023-10-16T14:07:06 IST" duration-ms="29213">
    <groups>
    </groups>
    <test started-at="2023-10-16T14:06:36 IST" name="Chrome Test" finished-at="2023-10-16T14:06:53 IST" duration-ms="17139">
      <class name="crosss.NewTest">
        <test-method is-config="true" signature="beforeTest(java.lang.String)[pri:0, instance:crosss.NewTest@3d285d7e]" started-at="2023-10-16T14:06:36 IST" name="beforeTest" finished-at="2023-10-16T14:06:47 IST" duration-ms="10908" status="PASS">
          <params>
            <param index="0">
              <value>
                <![CDATA[chrome]]>
              </value>
            </param>
          </params>
          <reporter-output>
          </reporter-output>
        </test-method> <!-- beforeTest -->
        <test-method signature="f()[pri:0, instance:crosss.NewTest@3d285d7e]" started-at="2023-10-16T14:06:48 IST" name="f" finished-at="2023-10-16T14:06:53 IST" duration-ms="5803" status="PASS">
          <reporter-output>
          </reporter-output>
        </test-method> <!-- f -->
        <test-method is-config="true" signature="afterTest()[pri:0, instance:crosss.NewTest@3d285d7e]" started-at="2023-10-16T14:06:53 IST" name="afterTest" finished-at="2023-10-16T14:06:53 IST" duration-ms="6" status="PASS">
          <reporter-output>
          </reporter-output>
        </test-method> <!-- afterTest -->
      </class> <!-- crosss.NewTest -->
    </test> <!-- Chrome Test -->
    <test started-at="2023-10-16T14:06:36 IST" name="Edge Test" finished-at="2023-10-16T14:06:54 IST" duration-ms="17199">
      <class name="crosss.NewTest">
        <test-method is-config="true" signature="beforeTest(java.lang.String)[pri:0, instance:crosss.NewTest@2cd76f31]" started-at="2023-10-16T14:06:36 IST" name="beforeTest" finished-at="2023-10-16T14:06:50 IST" duration-ms="13143" status="PASS">
          <params>
            <param index="0">
              <value>
                <![CDATA[edge]]>
              </value>
            </param>
          </params>
          <reporter-output>
          </reporter-output>
        </test-method> <!-- beforeTest -->
        <test-method signature="f()[pri:0, instance:crosss.NewTest@2cd76f31]" started-at="2023-10-16T14:06:50 IST" name="f" finished-at="2023-10-16T14:06:54 IST" duration-ms="4005" status="PASS">
          <reporter-output>
          </reporter-output>
        </test-method> <!-- f -->
        <test-method is-config="true" signature="afterTest()[pri:0, instance:crosss.NewTest@2cd76f31]" started-at="2023-10-16T14:06:54 IST" name="afterTest" finished-at="2023-10-16T14:06:54 IST" duration-ms="1" status="PASS">
          <reporter-output>
          </reporter-output>
        </test-method> <!-- afterTest -->
      </class> <!-- crosss.NewTest -->
    </test> <!-- Edge Test -->
    <test started-at="2023-10-16T14:06:36 IST" name="Firefox Test" finished-at="2023-10-16T14:07:06 IST" duration-ms="29172">
      <class name="crosss.NewTest">
        <test-method is-config="true" signature="beforeTest(java.lang.String)[pri:0, instance:crosss.NewTest@34e9fd99]" started-at="2023-10-16T14:06:36 IST" name="beforeTest" finished-at="2023-10-16T14:07:02 IST" duration-ms="25831" status="PASS">
          <params>
            <param index="0">
              <value>
                <![CDATA[firefox]]>
              </value>
            </param>
          </params>
          <reporter-output>
          </reporter-output>
        </test-method> <!-- beforeTest -->
        <test-method signature="f()[pri:0, instance:crosss.NewTest@34e9fd99]" started-at="2023-10-16T14:07:02 IST" name="f" finished-at="2023-10-16T14:07:06 IST" duration-ms="3241" status="PASS">
          <reporter-output>
          </reporter-output>
        </test-method> <!-- f -->
        <test-method is-config="true" signature="afterTest()[pri:0, instance:crosss.NewTest@34e9fd99]" started-at="2023-10-16T14:07:06 IST" name="afterTest" finished-at="2023-10-16T14:07:06 IST" duration-ms="2" status="PASS">
          <reporter-output>
          </reporter-output>
        </test-method> <!-- afterTest -->
      </class> <!-- crosss.NewTest -->
    </test> <!-- Firefox Test -->
  </suite> <!-- Suite -->
</testng-results>
